2019-01-11 20:50:42.554857: I tensorflow/core/common_runtime/process_util.cc:69] Creating new thread pool with default inter op setting: 2. Tune using inter_op_parallelism_threads for best performance.
Training...
batch 0: train=0.600000 test=0.600000batch 100: train=0.800000 test=0.200000batch 200: train=0.400000 test=0.200000batch 300: train=0.200000 test=0.000000batch 400: train=0.800000 test=0.400000batch 500: train=0.800000 test=0.600000batch 600: train=0.800000 test=0.600000batch 700: train=0.600000 test=0.400000batch 800: train=0.600000 test=0.200000batch 900: train=0.400000 test=0.400000batch 1000: train=0.600000 test=0.200000batch 1100: train=0.600000 test=0.400000batch 1200: train=0.400000 test=0.600000batch 1300: train=0.200000 test=0.200000batch 1400: train=1.000000 test=0.600000batch 1500: train=1.000000 test=0.000000batch 1600: train=0.600000 test=0.400000batch 1700: train=0.400000 test=0.800000batch 1800: train=1.000000 test=0.200000batch 1900: train=0.400000 test=0.400000batch 2000: train=0.800000 test=0.400000batch 2100: train=0.600000 test=0.200000batch 2200: train=0.400000 test=0.200000batch 2300: train=0.200000 test=0.800000batch 2400: train=0.800000 test=0.200000batch 2500: train=0.800000 test=0.400000batch 2600: train=0.400000 test=0.800000batch 2700: train=0.400000 test=0.600000batch 2800: train=0.200000 test=0.200000batch 2900: train=0.800000 test=0.000000batch 3000: train=0.600000 test=0.600000batch 3100: train=0.800000 test=0.600000batch 3200: train=0.800000 test=0.600000batch 3300: train=0.600000 test=0.600000batch 3400: train=0.800000 test=0.400000batch 3500: train=0.200000 test=0.400000batch 3600: train=0.600000 test=0.600000batch 3700: train=0.600000 test=0.400000batch 3800: train=0.000000 test=0.400000batch 3900: train=0.400000 test=0.600000batch 4000: train=0.800000 test=0.800000batch 4100: train=0.800000 test=0.800000batch 4200: train=0.400000 test=0.600000batch 4300: train=0.600000 test=0.400000batch 4400: train=0.400000 test=0.800000batch 4500: train=0.600000 test=0.600000batch 4600: train=0.600000 test=0.200000batch 4700: train=0.400000 test=0.600000batch 4800: train=0.800000 test=0.600000batch 4900: train=1.000000 test=0.800000batch 5000: train=0.600000 test=0.600000batch 5100: train=0.400000 test=0.600000batch 5200: train=0.400000 test=0.400000batch 5300: train=0.400000 test=0.400000batch 5400: train=0.800000 test=0.600000batch 5500: train=0.400000 test=0.400000batch 5600: train=0.600000 test=1.000000batch 5700: train=0.400000 test=0.600000batch 5800: train=0.400000 test=0.400000batch 5900: train=0.200000 test=0.600000batch 6000: train=0.400000 test=0.600000batch 6100: train=0.600000 test=0.400000batch 6200: train=0.200000 test=0.800000batch 6300: train=0.200000 test=0.800000batch 6400: train=0.800000 test=0.800000batch 6500: train=0.600000 test=0.400000batch 6600: train=0.400000 test=0.800000batch 6700: train=0.600000 test=0.400000batch 6800: train=0.200000 test=0.200000batch 6900: train=0.200000 test=0.600000batch 7000: train=0.600000 test=0.600000batch 7100: train=0.000000 test=0.200000batch 7200: train=0.600000 test=0.200000batch 7300: train=0.400000 test=0.400000batch 7400: train=0.400000 test=0.400000batch 7500: train=1.000000 test=0.200000batch 7600: train=0.200000 test=0.600000batch 7700: train=0.400000 test=0.600000batch 7800: train=0.800000 test=0.600000batch 7900: train=1.000000 test=0.600000batch 8000: train=0.400000 test=0.600000batch 8100: train=0.800000 test=0.600000batch 8200: train=1.000000 test=0.400000batch 8300: train=0.600000 test=0.200000batch 8400: train=0.800000 test=0.200000batch 8500: train=0.200000 test=0.400000batch 8600: train=0.600000 test=0.600000batch 8700: train=0.800000 test=0.200000batch 8800: train=0.600000 test=1.000000batch 8900: train=0.800000 test=0.800000batch 9000: train=0.200000 test=0.400000batch 9100: train=0.800000 test=0.800000batch 9200: train=0.600000 test=0.600000batch 9300: train=0.800000 test=0.800000batch 9400: train=0.800000 test=0.400000batch 9500: train=0.800000 test=0.600000batch 9600: train=0.800000 test=0.600000batch 9700: train=0.800000 test=0.400000batch 9800: train=0.200000 test=0.600000batch 9900: train=0.800000 test=0.600000batch 10000: train=0.400000 test=0.200000batch 10100: train=1.000000 test=1.000000batch 10200: train=0.800000 test=0.800000batch 10300: train=0.800000 test=0.200000batch 10400: train=0.800000 test=0.600000batch 10500: train=0.000000 test=0.600000batch 10600: train=0.200000 test=0.400000batch 10700: train=0.800000 test=0.200000batch 10800: train=1.000000 test=0.600000batch 10900: train=0.600000 test=0.600000batch 11000: train=0.600000 test=0.800000batch 11100: train=0.600000 test=0.800000batch 11200: train=0.600000 test=0.200000batch 11300: train=0.400000 test=0.800000batch 11400: train=0.200000 test=0.400000batch 11500: train=0.400000 test=0.800000batch 11600: train=0.600000 test=0.400000batch 11700: train=0.600000 test=0.600000batch 11800: train=0.600000 test=0.800000batch 11900: train=1.000000 test=0.800000batch 12000: train=0.400000 test=0.800000batch 12100: train=0.200000 test=0.600000batch 12200: train=0.400000 test=0.200000batch 12300: train=1.000000 test=0.400000batch 12400: train=0.400000 test=0.800000batch 12500: train=0.600000 test=0.400000batch 12600: train=0.800000 test=0.400000batch 12700: train=1.000000 test=0.600000batch 12800: train=0.400000 test=0.600000batch 12900: train=0.400000 test=0.800000batch 13000: train=0.400000 test=0.800000batch 13100: train=0.600000 test=0.600000batch 13200: train=0.400000 test=0.600000batch 13300: train=0.400000 test=0.400000batch 13400: train=0.800000 test=0.600000batch 13500: train=1.000000 test=0.200000batch 13600: train=0.400000 test=0.600000batch 13700: train=0.600000 test=0.400000batch 13800: train=0.600000 test=0.600000batch 13900: train=0.600000 test=0.600000batch 14000: train=0.600000 test=0.600000batch 14100: train=0.800000 test=0.600000batch 14200: train=0.600000 test=1.000000batch 14300: train=1.000000 test=0.800000batch 14400: train=0.800000 test=0.600000batch 14500: train=0.600000 test=0.400000batch 14600: train=0.600000 test=0.800000batch 14700: train=0.400000 test=0.800000batch 14800: train=0.600000 test=0.400000batch 14900: train=0.600000 test=1.000000batch 15000: train=0.600000 test=0.600000batch 15100: train=0.400000 test=0.600000batch 15200: train=0.400000 test=0.800000batch 15300: train=0.600000 test=0.400000batch 15400: train=0.400000 test=0.400000batch 15500: train=0.400000 test=0.600000batch 15600: train=1.000000 test=0.800000batch 15700: train=0.600000 test=0.600000batch 15800: train=1.000000 test=0.600000batch 15900: train=1.000000 test=0.400000batch 16000: train=0.600000 test=0.200000batch 16100: train=0.600000 test=0.800000batch 16200: train=0.400000 test=1.000000batch 16300: train=0.800000 test=0.800000batch 16400: train=0.800000 test=0.600000batch 16500: train=0.600000 test=0.200000batch 16600: train=0.800000 test=0.600000batch 16700: train=0.600000 test=0.400000batch 16800: train=0.800000 test=0.600000batch 16900: train=1.000000 test=0.800000batch 17000: train=0.800000 test=0.400000batch 17100: train=0.600000 test=0.400000batch 17200: train=0.800000 test=0.600000batch 17300: train=0.400000 test=0.600000batch 17400: train=0.800000 test=0.600000batch 17500: train=0.600000 test=0.600000batch 17600: train=0.800000 test=0.800000batch 17700: train=0.800000 test=0.200000batch 17800: train=0.800000 test=0.400000batch 17900: train=0.600000 test=0.400000batch 18000: train=0.600000 test=0.400000batch 18100: train=0.800000 test=0.400000batch 18200: train=0.600000 test=0.600000batch 18300: train=0.400000 test=0.800000batch 18400: train=1.000000 test=0.400000batch 18500: train=0.200000 test=0.400000batch 18600: train=0.800000 test=0.200000batch 18700: train=0.400000 test=0.800000batch 18800: train=0.400000 test=0.800000batch 18900: train=0.800000 test=0.800000batch 19000: train=0.800000 test=0.400000batch 19100: train=0.400000 test=0.600000batch 19200: train=1.000000 test=0.600000batch 19300: train=0.800000 test=0.800000batch 19400: train=0.800000 test=0.200000batch 19500: train=1.000000 test=0.200000batch 19600: train=0.600000 test=0.600000batch 19700: train=0.600000 test=1.000000batch 19800: train=0.200000 test=0.800000batch 19900: train=0.600000 test=0.400000
Evaluating...
Test accuracy: 0.5814
Training...
Traceback (most recent call last):
  File "/home/ubuntu/anaconda3/envs/tensorflow_p36/lib/python3.6/site-packages/tensorflow/python/client/session.py", line 1334, in _do_call
    return fn(*args)
  File "/home/ubuntu/anaconda3/envs/tensorflow_p36/lib/python3.6/site-packages/tensorflow/python/client/session.py", line 1319, in _run_fn
    options, feed_dict, fetch_list, target_list, run_metadata)
  File "/home/ubuntu/anaconda3/envs/tensorflow_p36/lib/python3.6/site-packages/tensorflow/python/client/session.py", line 1407, in _call_tf_sessionrun
    run_metadata)
tensorflow.python.framework.errors_impl.InvalidArgumentError: You must feed a value for placeholder tensor 'Placeholder_102' with dtype float
	 [[{{node Placeholder_102}} = Placeholder[dtype=DT_FLOAT, shape=[], _device="/job:localhost/replica:0/task:0/device:CPU:0"]()]]

During handling of the above exception, another exception occurred:

Traceback (most recent call last):
  File "eval_miniimagenet.py", line 44, in <module>
    main()
  File "eval_miniimagenet.py", line 32, in main
    train(sess, model, train_set, test_set, args.checkpoint+str(i), **train_kwargs(args))
  File "/home/ubuntu/FMRL/supervised-reptile/supervised_reptile/train.py", line 69, in train
    summary = sess.run(merged, feed_dict={accuracy_ph: correct/num_classes})
  File "/home/ubuntu/anaconda3/envs/tensorflow_p36/lib/python3.6/site-packages/tensorflow/python/client/session.py", line 929, in run
    run_metadata_ptr)
  File "/home/ubuntu/anaconda3/envs/tensorflow_p36/lib/python3.6/site-packages/tensorflow/python/client/session.py", line 1152, in _run
    feed_dict_tensor, options, run_metadata)
  File "/home/ubuntu/anaconda3/envs/tensorflow_p36/lib/python3.6/site-packages/tensorflow/python/client/session.py", line 1328, in _do_run
    run_metadata)
  File "/home/ubuntu/anaconda3/envs/tensorflow_p36/lib/python3.6/site-packages/tensorflow/python/client/session.py", line 1348, in _do_call
    raise type(e)(node_def, op, message)
tensorflow.python.framework.errors_impl.InvalidArgumentError: You must feed a value for placeholder tensor 'Placeholder_102' with dtype float
	 [[node Placeholder_102 (defined at /home/ubuntu/FMRL/supervised-reptile/supervised_reptile/train.py:46)  = Placeholder[dtype=DT_FLOAT, shape=[], _device="/job:localhost/replica:0/task:0/device:CPU:0"]()]]

Caused by op 'Placeholder_102', defined at:
  File "eval_miniimagenet.py", line 44, in <module>
    main()
  File "eval_miniimagenet.py", line 32, in main
    train(sess, model, train_set, test_set, args.checkpoint+str(i), **train_kwargs(args))
  File "/home/ubuntu/FMRL/supervised-reptile/supervised_reptile/train.py", line 46, in train
    accuracy_ph = tf.placeholder(tf.float32, shape=())
  File "/home/ubuntu/anaconda3/envs/tensorflow_p36/lib/python3.6/site-packages/tensorflow/python/ops/array_ops.py", line 1747, in placeholder
    return gen_array_ops.placeholder(dtype=dtype, shape=shape, name=name)
  File "/home/ubuntu/anaconda3/envs/tensorflow_p36/lib/python3.6/site-packages/tensorflow/python/ops/gen_array_ops.py", line 5206, in placeholder
    "Placeholder", dtype=dtype, shape=shape, name=name)
  File "/home/ubuntu/anaconda3/envs/tensorflow_p36/lib/python3.6/site-packages/tensorflow/python/framework/op_def_library.py", line 787, in _apply_op_helper
    op_def=op_def)
  File "/home/ubuntu/anaconda3/envs/tensorflow_p36/lib/python3.6/site-packages/tensorflow/python/util/deprecation.py", line 488, in new_func
    return func(*args, **kwargs)
  File "/home/ubuntu/anaconda3/envs/tensorflow_p36/lib/python3.6/site-packages/tensorflow/python/framework/ops.py", line 3274, in create_op
    op_def=op_def)
  File "/home/ubuntu/anaconda3/envs/tensorflow_p36/lib/python3.6/site-packages/tensorflow/python/framework/ops.py", line 1770, in __init__
    self._traceback = tf_stack.extract_stack()

InvalidArgumentError (see above for traceback): You must feed a value for placeholder tensor 'Placeholder_102' with dtype float
	 [[node Placeholder_102 (defined at /home/ubuntu/FMRL/supervised-reptile/supervised_reptile/train.py:46)  = Placeholder[dtype=DT_FLOAT, shape=[], _device="/job:localhost/replica:0/task:0/device:CPU:0"]()]]

